<?xml version="1.0" encoding="UTF-8"?>
<!-- Generated by org.testng.reporters.JUnitReportReporter -->
<testsuite hostname="DESKTOP-5BN39CV" failures="0" tests="2" name="test1.testng2" time="0.012" errors="0" timestamp="2024-09-09T23:57:54 IST" skipped="0">
  <testcase classname="test1.testng2" name="demo5" time="0.005"/>
  <testcase classname="test1.testng2" name="demo4" time="0.007"/>
</testsuite> <!-- test1.testng2 -->
