<?xml version="1.0" encoding="UTF-8"?>
<!-- Generated by org.testng.reporters.JUnitReportReporter -->
<testsuite hostname="DESKTOP-5BN39CV" failures="0" tests="2" name="test1.testng" time="0.050" errors="0" timestamp="2024-09-09T23:57:54 IST" skipped="0">
  <testcase classname="test1.testng" name="demo3" time="0.030"/>
  <testcase classname="test1.testng" name="demo2" time="0.020"/>
</testsuite> <!-- test1.testng -->
